1.040000000000000000e+02
1.100000000000000000e+02
1.080000000000000000e+02
1.100000000000000000e+02
1.040000000000000000e+02
1.020000000000000000e+02
1.050000000000000000e+02
1.040000000000000000e+02
9.700000000000000000e+01
1.110000000000000000e+02
1.000000000000000000e+02
1.090000000000000000e+02
1.020000000000000000e+02
1.040000000000000000e+02
1.060000000000000000e+02
1.070000000000000000e+02
1.100000000000000000e+02
9.700000000000000000e+01
9.900000000000000000e+01
1.040000000000000000e+02
1.050000000000000000e+02
1.060000000000000000e+02
1.000000000000000000e+02
1.050000000000000000e+02
1.040000000000000000e+02
1.040000000000000000e+02
1.050000000000000000e+02
1.100000000000000000e+02
1.040000000000000000e+02
1.040000000000000000e+02
1.030000000000000000e+02
1.000000000000000000e+02
1.050000000000000000e+02
1.070000000000000000e+02
1.080000000000000000e+02
1.030000000000000000e+02
1.060000000000000000e+02
1.080000000000000000e+02
9.600000000000000000e+01
1.100000000000000000e+02
1.060000000000000000e+02
1.030000000000000000e+02
9.800000000000000000e+01
1.010000000000000000e+02
1.090000000000000000e+02
1.020000000000000000e+02
1.070000000000000000e+02
1.070000000000000000e+02
1.080000000000000000e+02
1.030000000000000000e+02
1.030000000000000000e+02
1.060000000000000000e+02
1.020000000000000000e+02
1.120000000000000000e+02
1.060000000000000000e+02
1.010000000000000000e+02
1.070000000000000000e+02
1.090000000000000000e+02
1.110000000000000000e+02
1.100000000000000000e+02
1.020000000000000000e+02
1.050000000000000000e+02
1.030000000000000000e+02
1.040000000000000000e+02
1.040000000000000000e+02
1.040000000000000000e+02
8.900000000000000000e+01
1.020000000000000000e+02
1.070000000000000000e+02
1.020000000000000000e+02
1.110000000000000000e+02
1.040000000000000000e+02
1.080000000000000000e+02
1.020000000000000000e+02
1.020000000000000000e+02
1.070000000000000000e+02
1.090000000000000000e+02
1.030000000000000000e+02
1.080000000000000000e+02
1.050000000000000000e+02
1.060000000000000000e+02
1.010000000000000000e+02
1.050000000000000000e+02
1.040000000000000000e+02
9.700000000000000000e+01
1.120000000000000000e+02
1.050000000000000000e+02
1.090000000000000000e+02
1.120000000000000000e+02
1.090000000000000000e+02
1.000000000000000000e+02
1.030000000000000000e+02
1.050000000000000000e+02
1.070000000000000000e+02
1.030000000000000000e+02
1.050000000000000000e+02
1.000000000000000000e+02
1.060000000000000000e+02
1.030000000000000000e+02
1.060000000000000000e+02
